<?xml version="1.0" encoding="UTF-8"?>
<!-- Generated by org.testng.reporters.JUnitXMLReporter -->
<testsuite ignored="0" hostname="LAPTOP-8EJEM4OC" failures="0" tests="3" name="Surefire test" time="27.522" errors="0" timestamp="2022-09-19T23:12:05 IST">
  <testcase classname="testpageobjectmodelconcept.Testloginpage" name="validatetit" time="0.039"/>
  <testcase classname="testpageobjectmodelconcept.Testloginpage" name="imagecheck" time="0.079"/>
  <testcase classname="testpageobjectmodelconcept.Testloginpage" name="loginchecking" time="0.0"/>
</testsuite> <!-- Surefire test -->
