<?xml version="1.0" encoding="UTF-8"?>
<testsuite xmlns:xsi="http://www.w3.org/2001/XMLSchema-instance" xsi:noNamespaceSchemaLocation="https://maven.apache.org/surefire/maven-surefire-plugin/xsd/surefire-test-report.xsd" name="testpageobjectmodelconcept.Testloginpage" time="28.261" tests="3" errors="0" skipped="0" failures="0">
  <properties>
[...]
</properties>
  <testcase name="validatetit" classname="testpageobjectmodelconcept.Testloginpage" time="0.035"/>
  <testcase name="imagecheck" classname="testpageobjectmodelconcept.Testloginpage" time="0.078"/>
  <testcase name="loginchecking" classname="testpageobjectmodelconcept.Testloginpage" time="0.001"/>
</testsuite>