<?xml version="1.0" encoding="UTF-8"?>
<testng-results skipped="0" failed="0" ignored="0" total="3" passed="3">
  <reporter-output>
  </reporter-output>
  <suite name="Default suite" duration-ms="35960" started-at="2022-09-11T17:06:33 IST" finished-at="2022-09-11T17:07:09 IST">
    <groups>
    </groups>
    <test name="Default test" duration-ms="35960" started-at="2022-09-11T17:06:33 IST" finished-at="2022-09-11T17:07:09 IST">
      <class name="testpageobjectmodelconcept.Testloginpage">
        <test-method status="PASS" signature="setup()[pri:0, instance:testpageobjectmodelconcept.Testloginpage@4bbfb90a]" name="setup" is-config="true" duration-ms="11139" started-at="2022-09-11T17:06:33 IST" finished-at="2022-09-11T17:06:45 IST">
          <reporter-output>
          </reporter-output>
        </test-method> <!-- setup -->
        <test-method status="PASS" signature="validatetit()[pri:1, instance:testpageobjectmodelconcept.Testloginpage@4bbfb90a]" name="validatetit" duration-ms="66" started-at="2022-09-11T17:06:45 IST" finished-at="2022-09-11T17:06:45 IST">
          <reporter-output>
          </reporter-output>
        </test-method> <!-- validatetit -->
        <test-method status="PASS" signature="testclose()[pri:0, instance:testpageobjectmodelconcept.Testloginpage@4bbfb90a]" name="testclose" is-config="true" duration-ms="465" started-at="2022-09-11T17:06:45 IST" finished-at="2022-09-11T17:06:45 IST">
          <reporter-output>
          </reporter-output>
        </test-method> <!-- testclose -->
        <test-method status="PASS" signature="setup()[pri:0, instance:testpageobjectmodelconcept.Testloginpage@4bbfb90a]" name="setup" is-config="true" duration-ms="11944" started-at="2022-09-11T17:06:45 IST" finished-at="2022-09-11T17:06:57 IST">
          <reporter-output>
          </reporter-output>
        </test-method> <!-- setup -->
        <test-method status="PASS" signature="imagecheck()[pri:2, instance:testpageobjectmodelconcept.Testloginpage@4bbfb90a]" name="imagecheck" duration-ms="77" started-at="2022-09-11T17:06:57 IST" finished-at="2022-09-11T17:06:57 IST">
          <reporter-output>
          </reporter-output>
        </test-method> <!-- imagecheck -->
        <test-method status="PASS" signature="testclose()[pri:0, instance:testpageobjectmodelconcept.Testloginpage@4bbfb90a]" name="testclose" is-config="true" duration-ms="416" started-at="2022-09-11T17:06:57 IST" finished-at="2022-09-11T17:06:58 IST">
          <reporter-output>
          </reporter-output>
        </test-method> <!-- testclose -->
        <test-method status="PASS" signature="setup()[pri:0, instance:testpageobjectmodelconcept.Testloginpage@4bbfb90a]" name="setup" is-config="true" duration-ms="9925" started-at="2022-09-11T17:06:58 IST" finished-at="2022-09-11T17:07:07 IST">
          <reporter-output>
          </reporter-output>
        </test-method> <!-- setup -->
        <test-method status="PASS" signature="loginchecking()[pri:3, instance:testpageobjectmodelconcept.Testloginpage@4bbfb90a]" name="loginchecking" duration-ms="1755" started-at="2022-09-11T17:07:07 IST" finished-at="2022-09-11T17:07:09 IST">
          <reporter-output>
          </reporter-output>
        </test-method> <!-- loginchecking -->
        <test-method status="FAIL" signature="testclose()[pri:0, instance:testpageobjectmodelconcept.Testloginpage@4bbfb90a]" name="testclose" is-config="true" duration-ms="94" started-at="2022-09-11T17:07:09 IST" finished-at="2022-09-11T17:07:09 IST">
          <exception class="org.openqa.selenium.UnhandledAlertException">
            <message>
              <![CDATA[unexpected alert open: {Alert text : User or Password is not valid}
  (Session info: chrome=105.0.5195.102): User or Password is not valid
Build info: version: '3.141.59', revision: 'e82be7d358', time: '2018-11-14T08:17:03'
System info: host: 'LAPTOP-8EJEM4OC', ip: '192.168.1.2', os.name: 'Windows 10', os.arch: 'amd64', os.version: '10.0', java.version: '1.8.0_271'
Driver info: org.openqa.selenium.chrome.ChromeDriver
Capabilities {acceptInsecureCerts: false, browserName: chrome, browserVersion: 105.0.5195.102, chrome: {chromedriverVersion: 105.0.5195.52 (412c95e51883..., userDataDir: C:\Users\Tamil\AppData\Loca...}, goog:chromeOptions: {debuggerAddress: localhost:61599}, javascriptEnabled: true, networkConnectionEnabled: false, pageLoadStrategy: normal, platform: WINDOWS, platformName: WINDOWS, proxy: Proxy(), setWindowRect: true, strictFileInteractability: false, timeouts: {implicit: 0, pageLoad: 300000, script: 30000}, unhandledPromptBehavior: dismiss and notify, webauthn:extension:credBlob: true, webauthn:extension:largeBlob: true, webauthn:virtualAuthenticators: true}
Session ID: 1c1e65f30494be2c6874a6c671948c2f]]>
            </message>
            <full-stacktrace>
              <![CDATA[org.openqa.selenium.UnhandledAlertException: unexpected alert open: {Alert text : User or Password is not valid}
  (Session info: chrome=105.0.5195.102): User or Password is not valid
Build info: version: '3.141.59', revision: 'e82be7d358', time: '2018-11-14T08:17:03'
System info: host: 'LAPTOP-8EJEM4OC', ip: '192.168.1.2', os.name: 'Windows 10', os.arch: 'amd64', os.version: '10.0', java.version: '1.8.0_271'
Driver info: org.openqa.selenium.chrome.ChromeDriver
Capabilities {acceptInsecureCerts: false, browserName: chrome, browserVersion: 105.0.5195.102, chrome: {chromedriverVersion: 105.0.5195.52 (412c95e51883..., userDataDir: C:\Users\Tamil\AppData\Loca...}, goog:chromeOptions: {debuggerAddress: localhost:61599}, javascriptEnabled: true, networkConnectionEnabled: false, pageLoadStrategy: normal, platform: WINDOWS, platformName: WINDOWS, proxy: Proxy(), setWindowRect: true, strictFileInteractability: false, timeouts: {implicit: 0, pageLoad: 300000, script: 30000}, unhandledPromptBehavior: dismiss and notify, webauthn:extension:credBlob: true, webauthn:extension:largeBlob: true, webauthn:virtualAuthenticators: true}
Session ID: 1c1e65f30494be2c6874a6c671948c2f
at org.openqa.selenium.remote.http.W3CHttpResponseCodec.decode(W3CHttpResponseCodec.java:120)
at org.openqa.selenium.remote.http.W3CHttpResponseCodec.decode(W3CHttpResponseCodec.java:49)
at org.openqa.selenium.remote.HttpCommandExecutor.execute(HttpCommandExecutor.java:158)
at org.openqa.selenium.remote.service.DriverCommandExecutor.execute(DriverCommandExecutor.java:83)
at org.openqa.selenium.remote.RemoteWebDriver.execute(RemoteWebDriver.java:552)
at org.openqa.selenium.remote.RemoteWebDriver.execute(RemoteWebDriver.java:609)
at org.openqa.selenium.remote.RemoteWebDriver.close(RemoteWebDriver.java:442)
at testpageobjectmodelconcept.Testloginpage.testclose(Testloginpage.java:49)
at sun.reflect.NativeMethodAccessorImpl.invoke0(Native Method)
at sun.reflect.NativeMethodAccessorImpl.invoke(NativeMethodAccessorImpl.java:62)
at sun.reflect.DelegatingMethodAccessorImpl.invoke(DelegatingMethodAccessorImpl.java:43)
at java.lang.reflect.Method.invoke(Method.java:498)
at org.testng.internal.MethodInvocationHelper.invokeMethod(MethodInvocationHelper.java:133)
at org.testng.internal.MethodInvocationHelper.invokeMethodConsideringTimeout(MethodInvocationHelper.java:62)
at org.testng.internal.ConfigInvoker.invokeConfigurationMethod(ConfigInvoker.java:340)
at org.testng.internal.ConfigInvoker.invokeConfigurations(ConfigInvoker.java:294)
at org.testng.internal.TestInvoker.runConfigMethods(TestInvoker.java:683)
at org.testng.internal.TestInvoker.runAfterGroupsConfigurations(TestInvoker.java:658)
at org.testng.internal.TestInvoker.invokeMethod(TestInvoker.java:642)
at org.testng.internal.TestInvoker.invokeTestMethod(TestInvoker.java:172)
at org.testng.internal.MethodRunner.runInSequence(MethodRunner.java:46)
at org.testng.internal.TestInvoker$MethodInvocationAgent.invoke(TestInvoker.java:804)
at org.testng.internal.TestInvoker.invokeTestMethods(TestInvoker.java:145)
at org.testng.internal.TestMethodWorker.invokeTestMethods(TestMethodWorker.java:146)
at org.testng.internal.TestMethodWorker.run(TestMethodWorker.java:128)
at java.util.ArrayList.forEach(ArrayList.java:1259)
at org.testng.TestRunner.privateRun(TestRunner.java:770)
at org.testng.TestRunner.run(TestRunner.java:591)
at org.testng.SuiteRunner.runTest(SuiteRunner.java:402)
at org.testng.SuiteRunner.runSequentially(SuiteRunner.java:396)
at org.testng.SuiteRunner.privateRun(SuiteRunner.java:355)
at org.testng.SuiteRunner.run(SuiteRunner.java:304)
at org.testng.SuiteRunnerWorker.runSuite(SuiteRunnerWorker.java:53)
at org.testng.SuiteRunnerWorker.run(SuiteRunnerWorker.java:96)
at org.testng.TestNG.runSuitesSequentially(TestNG.java:1180)
at org.testng.TestNG.runSuitesLocally(TestNG.java:1102)
at org.testng.TestNG.runSuites(TestNG.java:1032)
at org.testng.TestNG.run(TestNG.java:1000)
at org.testng.remote.AbstractRemoteTestNG.run(AbstractRemoteTestNG.java:115)
at org.testng.remote.RemoteTestNG.initAndRun(RemoteTestNG.java:251)
at org.testng.remote.RemoteTestNG.main(RemoteTestNG.java:77)
]]>
            </full-stacktrace>
          </exception> <!-- org.openqa.selenium.UnhandledAlertException -->
          <reporter-output>
          </reporter-output>
        </test-method> <!-- testclose -->
      </class> <!-- testpageobjectmodelconcept.Testloginpage -->
    </test> <!-- Default test -->
  </suite> <!-- Default suite -->
</testng-results>
